\BOOKMARK [0][-]{chapter.1}{\376\377\000\332\000v\000o\000d}{}
\BOOKMARK [0][-]{chapter.2}{\376\377\000T\000e\000o\000r\000i\000e\000:\000\040\000O\000b\000e\000c\000n\000\375\000\040\000p\000o\000p\000i\000s\000\040\000c\000l\000o\000u\000d\000u}{}
\BOOKMARK [1][-]{section.2.1}{\376\377\000N\000o\000v\000i\000n\000k\000a\000\040\000j\000m\000\351\000n\000e\000m\000\040\000c\000l\000o\000u\000d\000\040\000c\000o\000m\000p\000u\000t\000i\000n\000g}{chapter.2}
\BOOKMARK [1][-]{section.2.2}{\376\377\000I\000n\000f\000r\000a\000s\000t\000r\000u\000c\000t\000u\000r\000e\000\040\000a\000s\000\040\000a\000\040\000S\000e\000r\000v\000i\000c\000e\000,\000\040\000P\000l\000a\000t\000f\000o\000r\000m\000\040\000a\000s\000\040\000a\000\040\000S\000e\000r\000v\000i\000c\000e\000,\000\040\000S\000o\000f\000t\000w\000a\000r\000e\000\040\000a\000s\000\040\000a\000\040\000S\000e\000r\000v\000i\000c\000e}{chapter.2}
\BOOKMARK [1][-]{section.2.3}{\376\377\000H\000o\000r\000i\000z\000o\000n\000t\000\341\000l\000n\000\355\000\040\000a\000\040\000v\000e\000r\000t\000i\000k\000\341\000l\000n\000\355\000\040\001\141\000k\000\341\000l\000o\000v\000\341\000n\000\355}{chapter.2}
\BOOKMARK [1][-]{section.2.4}{\376\377\000R\001\157\000z\000n\000\351\000\040\000d\000r\000u\000h\000y\000\040\000p\000o\000h\000l\000e\000d\000u\000\040\000n\000a\000\040\000c\000l\000o\000u\000d\000\040\000c\000o\000m\000p\000u\000t\000i\000n\000g}{chapter.2}
\BOOKMARK [1][-]{section.2.5}{\376\377\000P\000o\000r\000o\000v\000n\000\341\000n\000\355\000\040\000A\000m\000a\000z\000o\000n\000\040\000W\000e\000b\000\040\000S\000e\000r\000v\000i\000c\000e\000s\000,\000\040\000W\000i\000n\000d\000o\000w\000s\000\040\000A\000z\000u\000r\000e\000\040\000a\000\040\000G\000o\000o\000g\000l\000e\000\040\000A\000p\000p\000\040\000E\000n\000g\000i\000n\000e}{chapter.2}
\BOOKMARK [2][-]{subsection.2.5.1}{\376\377\000A\000m\000a\000z\000o\000n\000\040\000W\000e\000b\000\040\000S\000e\000r\000v\000i\000c\000e\000s\000\040\000-\000\040\000E\000l\000a\000s\000t\000i\000c\000\040\000C\000o\000m\000p\000u\000t\000e\000\040\000C\000l\000o\000u\000d}{section.2.5}
\BOOKMARK [2][-]{subsection.2.5.2}{\376\377\000M\000i\000c\000r\000o\000s\000o\000f\000t\000\040\000A\000z\000u\000r\000e}{section.2.5}
\BOOKMARK [2][-]{subsection.2.5.3}{\376\377\000G\000o\000o\000g\000l\000e\000\040\000A\000p\000p\000\040\000E\000n\000g\000i\000n\000e}{section.2.5}
\BOOKMARK [1][-]{section.2.6}{\376\377\000A\000P\000I\000\040\000s\000l\000u\001\176\000b\000y}{chapter.2}
\BOOKMARK [1][-]{section.2.7}{\376\377\000O\000m\000e\000z\000e\000n\000\355\000\040\000c\000l\000o\000u\000d\000u}{chapter.2}
\BOOKMARK [1][-]{section.2.8}{\376\377\000V\000\375\000v\000o\000j\000\040\000p\000r\000o\000\040\000A\000p\000p\000\040\000E\000n\000g\000i\000n\000e}{chapter.2}
\BOOKMARK [1][-]{section.2.9}{\376\377\000Z\000a\000j\000\355\000m\000a\000v\000\351\000\040\000a\000p\000l\000i\000k\000a\000c\000e}{chapter.2}
\BOOKMARK [0][-]{chapter.3}{\376\377\000I\000m\000p\000l\000e\000m\000e\000n\000t\000a\000c\000e\000:\000\040\000V\000\375\000v\000o\000j\000\040\000v\000\040\000A\000p\000p\000\040\000E\000n\000g\000i\000n\000e}{}
\BOOKMARK [1][-]{section.3.1}{\376\377\000V\000\375\000b\001\033\000r\000\040\000c\000l\000o\000u\000d\000u}{chapter.3}
\BOOKMARK [1][-]{section.3.2}{\376\377\000A\000p\000l\000i\000k\000a\000c\000e}{chapter.3}
\BOOKMARK [1][-]{section.3.3}{\376\377\000V\000\375\000b\001\033\000r\000\040\000f\000r\000a\000m\000e\000w\000o\000r\000k\000u\000:\000\040\000S\000l\000i\000m\0003}{chapter.3}
\BOOKMARK [1][-]{section.3.4}{\376\377\000P\000r\000\341\000c\000e\000\040\000s\000\040\000D\000a\000t\000a\000s\000t\000o\000r\000e\000\040\000A\000P\000I\000\040\000s\000\040\000p\000o\000m\000o\000c\000\355\000\040\000S\000l\000i\000m\0003\000\040\000f\000r\000a\000m\000w\000o\000r\000k\000u}{chapter.3}
\BOOKMARK [1][-]{section.3.5}{\376\377\000S\000l\000i\000m\0003\000\040\000C\000o\000n\000t\000r\000o\000l\000l\000e\000r}{chapter.3}
\BOOKMARK [0][-]{chapter.4}{\376\377\000R\000e\000a\000l\000i\000z\000a\000c\000e}{}
\BOOKMARK [0][-]{chapter.5}{\376\377\000T\000e\000s\000t\000o\000v\000\341\000n\000\355}{}
\BOOKMARK [0][-]{chapter.6}{\376\377\000Z\000\341\000v\001\033\000r}{}
\BOOKMARK [0][-]{appendix.A}{\376\377\000T\000e\000s\000t\000o\000v\000\341\000n\000\355\000\040\000z\000a\000p\000l\000n\001\033\000n\000\355\000\040\000s\000t\000r\000\341\000n\000k\000y\000\040\000a\000\040\000o\000d\000s\000a\000z\000e\000n\000\355\000\040\000o\000d\000s\000t\000a\000v\000c\001\157}{}
\BOOKMARK [0][-]{appendix.B}{\376\377\000P\000o\000k\000y\000n\000y\000\040\000a\000\040\000n\000\341\000v\000o\000d\000y\000\040\000k\000\040\000f\000o\000r\000m\000\341\000t\000o\000v\000\341\000n\000\355\000\040\000t\000e\000x\000t\000u\000\040\000p\000r\000\341\000c\000e}{}
\BOOKMARK [1][-]{section.B.1}{\376\377\000V\000k\000l\000\341\000d\000\341\000n\000\355\000\040\000o\000b\000r\000\341\000z\000k\001\157}{appendix.B}
\BOOKMARK [1][-]{section.B.2}{\376\377\000K\000r\000e\000s\000l\000e\000n\000\355\000\040\000o\000b\000r\000\341\000z\000k\001\157}{appendix.B}
\BOOKMARK [1][-]{section.B.3}{\376\377\000T\000a\000b\000u\000l\000k\000y}{appendix.B}
\BOOKMARK [1][-]{section.B.4}{\376\377\000O\000d\000k\000a\000z\000y\000\040\000v\000\040\000t\000e\000x\000t\000u}{appendix.B}
\BOOKMARK [2][-]{subsection.B.4.1}{\376\377\000O\000d\000k\000a\000z\000y\000\040\000n\000a\000\040\000l\000i\000t\000e\000r\000a\000t\000u\000r\000u}{section.B.4}
\BOOKMARK [2][-]{subsection.B.4.2}{\376\377\000O\000d\000k\000a\000z\000y\000\040\000n\000a\000\040\000o\000b\000r\000\341\000z\000k\000y\000,\000\040\000t\000a\000b\000u\000l\000k\000y\000\040\000a\000\040\000k\000a\000p\000i\000t\000o\000l\000y}{section.B.4}
\BOOKMARK [1][-]{section.B.5}{\376\377\000R\000o\000v\000n\000i\000c\000e\000,\000\040\000c\000e\000n\000t\000r\000o\000v\000a\000n\000\341\000,\000\040\001\015\000\355\000s\000l\000o\000v\000a\000n\000\341\000\040\000m\000a\000t\000e\000m\000a\000t\000i\000k\000a}{appendix.B}
\BOOKMARK [1][-]{section.B.6}{\376\377\000K\000\363\000d\000y\000\040\000p\000r\000o\000g\000r\000a\000m\000u}{appendix.B}
\BOOKMARK [1][-]{section.B.7}{\376\377\000D\000a\000l\001\141\000\355\000\040\000p\000o\000z\000n\000\341\000m\000k\000y}{appendix.B}
\BOOKMARK [2][-]{subsection.B.7.1}{\376\377\001\014\000e\000s\000k\000\351\000\040\000u\000v\000o\000z\000o\000v\000k\000y}{section.B.7}
\BOOKMARK [0][-]{appendix.C}{\376\377\000S\000e\000z\000n\000a\000m\000\040\000p\000o\000u\001\176\000i\000t\000\375\000c\000h\000\040\000z\000k\000r\000a\000t\000e\000k}{}
\BOOKMARK [0][-]{appendix.D}{\376\377\000U\000M\000L\000\040\000d\000i\000a\000g\000r\000a\000m\000y}{}
\BOOKMARK [0][-]{appendix.E}{\376\377\000I\000n\000s\000t\000a\000l\000a\001\015\000n\000\355\000\040\000a\000\040\000u\001\176\000i\000v\000a\000t\000e\000l\000s\000k\000\341\000\040\000p\001\131\000\355\000r\000u\001\015\000k\000a}{}
\BOOKMARK [0][-]{appendix.F}{\376\377\000O\000b\000s\000a\000h\000\040\000p\001\131\000i\000l\000o\001\176\000e\000n\000\351\000h\000o\000\040\000C\000D}{}
