This is pdfTeX, Version 3.1415926-1.40.10 (TeX Live 2009/Debian) (format=pdflatex 2011.4.4)  25 MAY 2011 14:37
entering extended mode
 %&-line parsing enabled.
**bakalarka.tex
(./bakalarka.tex
LaTeX2e <2009/09/24>
Babel <v3.8l> and hyphenation patterns for english, usenglishmax, dumylang, noh
yphenation, loaded.
(/usr/share/texmf-texlive/tex/latex/base/book.cls
Document Class: book 2007/10/19 v1.4h Standard LaTeX document class
(/usr/share/texmf-texlive/tex/latex/base/bk11.clo
File: bk11.clo 2007/10/19 v1.4h Standard LaTeX file (size option)
)
\c@part=\count79
\c@chapter=\count80
\c@section=\count81
\c@subsection=\count82
\c@subsubsection=\count83
\c@paragraph=\count84
\c@subparagraph=\count85
\c@figure=\count86
\c@table=\count87
\abovecaptionskip=\skip41
\belowcaptionskip=\skip42
\bibindent=\dimen102
)
(/usr/share/texmf-texlive/tex/generic/babel/babel.sty
Package: babel 2008/07/06 v3.8l The Babel package

(/usr/share/texmf-texlive/tex/generic/babel/czech.ldf
Language: czech 2008/07/06 v3.1a Czech support from the babel system

(/usr/share/texmf-texlive/tex/generic/babel/babel.def
File: babel.def 2008/07/06 v3.8l Babel common definitions
\babel@savecnt=\count88
\U@D=\dimen103
)

Package babel Warning: No hyphenation patterns were loaded for
(babel)                the language `Czech'
(babel)                I will use the patterns loaded for \language=0 instead.

\l@czech = a dialect from \language0
Package babel Info: Making " an active character on input line 172.
\cs@wordlen=\count89
Package babel Info: Making - an active character on input line 226.
) (/usr/share/texmf-texlive/tex/generic/babel/english.ldf
Language: english 2005/03/30 v3.3o English support from the babel system
\l@british = a dialect from \language\l@english 
\l@UKenglish = a dialect from \language\l@english 
\l@canadian = a dialect from \language\l@american 
\l@australian = a dialect from \language\l@british 
\l@newzealand = a dialect from \language\l@british 
))
(/usr/share/texmf-texlive/tex/latex/base/fontenc.sty
Package: fontenc 2005/09/27 v1.99g Standard LaTeX package

(/usr/share/texmf-texlive/tex/latex/base/t1enc.def
File: t1enc.def 2005/09/27 v1.99g Standard LaTeX file
LaTeX Font Info:    Redeclaring font encoding T1 on input line 43.
))
(/usr/share/texmf-texlive/tex/latex/base/inputenc.sty
Package: inputenc 2008/03/30 v1.1d Input encoding file
\inpenc@prehook=\toks14
\inpenc@posthook=\toks15

(/usr/share/texmf-texlive/tex/latex/base/utf8.def
File: utf8.def 2008/04/05 v1.1m UTF-8 support for inputenc
Now handling font encoding OML ...
... no UTF-8 mapping file for font encoding OML
Now handling font encoding T1 ...
... processing UTF-8 mapping file for font encoding T1

(/usr/share/texmf-texlive/tex/latex/base/t1enc.dfu
File: t1enc.dfu 2008/04/05 v1.1m UTF-8 support for inputenc
   defining Unicode char U+00A1 (decimal 161)
   defining Unicode char U+00A3 (decimal 163)
   defining Unicode char U+00AB (decimal 171)
   defining Unicode char U+00BB (decimal 187)
   defining Unicode char U+00BF (decimal 191)
   defining Unicode char U+00C0 (decimal 192)
   defining Unicode char U+00C1 (decimal 193)
   defining Unicode char U+00C2 (decimal 194)
   defining Unicode char U+00C3 (decimal 195)
   defining Unicode char U+00C4 (decimal 196)
   defining Unicode char U+00C5 (decimal 197)
   defining Unicode char U+00C6 (decimal 198)
   defining Unicode char U+00C7 (decimal 199)
   defining Unicode char U+00C8 (decimal 200)
   defining Unicode char U+00C9 (decimal 201)
   defining Unicode char U+00CA (decimal 202)
   defining Unicode char U+00CB (decimal 203)
   defining Unicode char U+00CC (decimal 204)
   defining Unicode char U+00CD (decimal 205)
   defining Unicode char U+00CE (decimal 206)
   defining Unicode char U+00CF (decimal 207)
   defining Unicode char U+00D0 (decimal 208)
   defining Unicode char U+00D1 (decimal 209)
   defining Unicode char U+00D2 (decimal 210)
   defining Unicode char U+00D3 (decimal 211)
   defining Unicode char U+00D4 (decimal 212)
   defining Unicode char U+00D5 (decimal 213)
   defining Unicode char U+00D6 (decimal 214)
   defining Unicode char U+00D8 (decimal 216)
   defining Unicode char U+00D9 (decimal 217)
   defining Unicode char U+00DA (decimal 218)
   defining Unicode char U+00DB (decimal 219)
   defining Unicode char U+00DC (decimal 220)
   defining Unicode char U+00DD (decimal 221)
   defining Unicode char U+00DE (decimal 222)
   defining Unicode char U+00DF (decimal 223)
   defining Unicode char U+00E0 (decimal 224)
   defining Unicode char U+00E1 (decimal 225)
   defining Unicode char U+00E2 (decimal 226)
   defining Unicode char U+00E3 (decimal 227)
   defining Unicode char U+00E4 (decimal 228)
   defining Unicode char U+00E5 (decimal 229)
   defining Unicode char U+00E6 (decimal 230)
   defining Unicode char U+00E7 (decimal 231)
   defining Unicode char U+00E8 (decimal 232)
   defining Unicode char U+00E9 (decimal 233)
   defining Unicode char U+00EA (decimal 234)
   defining Unicode char U+00EB (decimal 235)
   defining Unicode char U+00EC (decimal 236)
   defining Unicode char U+00ED (decimal 237)
   defining Unicode char U+00EE (decimal 238)
   defining Unicode char U+00EF (decimal 239)
   defining Unicode char U+00F0 (decimal 240)
   defining Unicode char U+00F1 (decimal 241)
   defining Unicode char U+00F2 (decimal 242)
   defining Unicode char U+00F3 (decimal 243)
   defining Unicode char U+00F4 (decimal 244)
   defining Unicode char U+00F5 (decimal 245)
   defining Unicode char U+00F6 (decimal 246)
   defining Unicode char U+00F8 (decimal 248)
   defining Unicode char U+00F9 (decimal 249)
   defining Unicode char U+00FA (decimal 250)
   defining Unicode char U+00FB (decimal 251)
   defining Unicode char U+00FC (decimal 252)
   defining Unicode char U+00FD (decimal 253)
   defining Unicode char U+00FE (decimal 254)
   defining Unicode char U+00FF (decimal 255)
   defining Unicode char U+0102 (decimal 258)
   defining Unicode char U+0103 (decimal 259)
   defining Unicode char U+0104 (decimal 260)
   defining Unicode char U+0105 (decimal 261)
   defining Unicode char U+0106 (decimal 262)
   defining Unicode char U+0107 (decimal 263)
   defining Unicode char U+010C (decimal 268)
   defining Unicode char U+010D (decimal 269)
   defining Unicode char U+010E (decimal 270)
   defining Unicode char U+010F (decimal 271)
   defining Unicode char U+0110 (decimal 272)
   defining Unicode char U+0111 (decimal 273)
   defining Unicode char U+0118 (decimal 280)
   defining Unicode char U+0119 (decimal 281)
   defining Unicode char U+011A (decimal 282)
   defining Unicode char U+011B (decimal 283)
   defining Unicode char U+011E (decimal 286)
   defining Unicode char U+011F (decimal 287)
   defining Unicode char U+0130 (decimal 304)
   defining Unicode char U+0131 (decimal 305)
   defining Unicode char U+0132 (decimal 306)
   defining Unicode char U+0133 (decimal 307)
   defining Unicode char U+0139 (decimal 313)
   defining Unicode char U+013A (decimal 314)
   defining Unicode char U+013D (decimal 317)
   defining Unicode char U+013E (decimal 318)
   defining Unicode char U+0141 (decimal 321)
   defining Unicode char U+0142 (decimal 322)
   defining Unicode char U+0143 (decimal 323)
   defining Unicode char U+0144 (decimal 324)
   defining Unicode char U+0147 (decimal 327)
   defining Unicode char U+0148 (decimal 328)
   defining Unicode char U+014A (decimal 330)
   defining Unicode char U+014B (decimal 331)
   defining Unicode char U+0150 (decimal 336)
   defining Unicode char U+0151 (decimal 337)
   defining Unicode char U+0152 (decimal 338)
   defining Unicode char U+0153 (decimal 339)
   defining Unicode char U+0154 (decimal 340)
   defining Unicode char U+0155 (decimal 341)
   defining Unicode char U+0158 (decimal 344)
   defining Unicode char U+0159 (decimal 345)
   defining Unicode char U+015A (decimal 346)
   defining Unicode char U+015B (decimal 347)
   defining Unicode char U+015E (decimal 350)
   defining Unicode char U+015F (decimal 351)
   defining Unicode char U+0160 (decimal 352)
   defining Unicode char U+0161 (decimal 353)
   defining Unicode char U+0162 (decimal 354)
   defining Unicode char U+0163 (decimal 355)
   defining Unicode char U+0164 (decimal 356)
   defining Unicode char U+0165 (decimal 357)
   defining Unicode char U+016E (decimal 366)
   defining Unicode char U+016F (decimal 367)
   defining Unicode char U+0170 (decimal 368)
   defining Unicode char U+0171 (decimal 369)
   defining Unicode char U+0178 (decimal 376)
   defining Unicode char U+0179 (decimal 377)
   defining Unicode char U+017A (decimal 378)
   defining Unicode char U+017B (decimal 379)
   defining Unicode char U+017C (decimal 380)
   defining Unicode char U+017D (decimal 381)
   defining Unicode char U+017E (decimal 382)
   defining Unicode char U+200C (decimal 8204)
   defining Unicode char U+2013 (decimal 8211)
   defining Unicode char U+2014 (decimal 8212)
   defining Unicode char U+2018 (decimal 8216)
   defining Unicode char U+2019 (decimal 8217)
   defining Unicode char U+201A (decimal 8218)
   defining Unicode char U+201C (decimal 8220)
   defining Unicode char U+201D (decimal 8221)
   defining Unicode char U+201E (decimal 8222)
   defining Unicode char U+2030 (decimal 8240)
   defining Unicode char U+2031 (decimal 8241)
   defining Unicode char U+2039 (decimal 8249)
   defining Unicode char U+203A (decimal 8250)
   defining Unicode char U+2423 (decimal 9251)
)
Now handling font encoding OT1 ...
... processing UTF-8 mapping file for font encoding OT1

(/usr/share/texmf-texlive/tex/latex/base/ot1enc.dfu
File: ot1enc.dfu 2008/04/05 v1.1m UTF-8 support for inputenc
   defining Unicode char U+00A1 (decimal 161)
   defining Unicode char U+00A3 (decimal 163)
   defining Unicode char U+00B8 (decimal 184)
   defining Unicode char U+00BF (decimal 191)
   defining Unicode char U+00C5 (decimal 197)
   defining Unicode char U+00C6 (decimal 198)
   defining Unicode char U+00D8 (decimal 216)
   defining Unicode char U+00DF (decimal 223)
   defining Unicode char U+00E6 (decimal 230)
   defining Unicode char U+00EC (decimal 236)
   defining Unicode char U+00ED (decimal 237)
   defining Unicode char U+00EE (decimal 238)
   defining Unicode char U+00EF (decimal 239)
   defining Unicode char U+00F8 (decimal 248)
   defining Unicode char U+0131 (decimal 305)
   defining Unicode char U+0141 (decimal 321)
   defining Unicode char U+0142 (decimal 322)
   defining Unicode char U+0152 (decimal 338)
   defining Unicode char U+0153 (decimal 339)
   defining Unicode char U+2013 (decimal 8211)
   defining Unicode char U+2014 (decimal 8212)
   defining Unicode char U+2018 (decimal 8216)
   defining Unicode char U+2019 (decimal 8217)
   defining Unicode char U+201C (decimal 8220)
   defining Unicode char U+201D (decimal 8221)
)
Now handling font encoding OMS ...
... processing UTF-8 mapping file for font encoding OMS

(/usr/share/texmf-texlive/tex/latex/base/omsenc.dfu
File: omsenc.dfu 2008/04/05 v1.1m UTF-8 support for inputenc
   defining Unicode char U+00A7 (decimal 167)
   defining Unicode char U+00B6 (decimal 182)
   defining Unicode char U+00B7 (decimal 183)
   defining Unicode char U+2020 (decimal 8224)
   defining Unicode char U+2021 (decimal 8225)
   defining Unicode char U+2022 (decimal 8226)
)
Now handling font encoding OMX ...
... no UTF-8 mapping file for font encoding OMX
Now handling font encoding U ...
... no UTF-8 mapping file for font encoding U
   defining Unicode char U+00A9 (decimal 169)
   defining Unicode char U+00AA (decimal 170)
   defining Unicode char U+00AE (decimal 174)
   defining Unicode char U+00BA (decimal 186)
   defining Unicode char U+02C6 (decimal 710)
   defining Unicode char U+02DC (decimal 732)
   defining Unicode char U+200C (decimal 8204)
   defining Unicode char U+2026 (decimal 8230)
   defining Unicode char U+2122 (decimal 8482)
   defining Unicode char U+2423 (decimal 9251)
))
(/usr/share/texmf-texlive/tex/latex/graphics/graphicx.sty
Package: graphicx 1999/02/16 v1.0f Enhanced LaTeX Graphics (DPC,SPQR)

(/usr/share/texmf-texlive/tex/latex/graphics/keyval.sty
Package: keyval 1999/03/16 v1.13 key=value parser (DPC)
\KV@toks@=\toks16
)
(/usr/share/texmf-texlive/tex/latex/graphics/graphics.sty
Package: graphics 2009/02/05 v1.0o Standard LaTeX Graphics (DPC,SPQR)

(/usr/share/texmf-texlive/tex/latex/graphics/trig.sty
Package: trig 1999/03/16 v1.09 sin cos tan (DPC)
)
(/etc/texmf/tex/latex/config/graphics.cfg
File: graphics.cfg 2009/08/28 v1.8 graphics configuration of TeX Live
)
Package graphics Info: Driver file: pdftex.def on input line 91.

(/usr/share/texmf-texlive/tex/latex/pdftex-def/pdftex.def
File: pdftex.def 2010/03/12 v0.04p Graphics/color for pdfTeX
\Gread@gobject=\count90
))
\Gin@req@height=\dimen104
\Gin@req@width=\dimen105
)
(./k336_thesis_macros.sty
Two side layout redefined.
(./hyphen.tex)) (/usr/share/texmf-texlive/tex/latex/listings/listings.sty
\lst@mode=\count91
\lst@gtempboxa=\box26
\lst@token=\toks17
\lst@length=\count92
\lst@currlwidth=\dimen106
\lst@column=\count93
\lst@pos=\count94
\lst@lostspace=\dimen107
\lst@width=\dimen108
\lst@newlines=\count95
\lst@lineno=\count96
\lst@maxwidth=\dimen109

(/usr/share/texmf-texlive/tex/latex/listings/lstmisc.sty
File: lstmisc.sty 2007/02/22 1.4 (Carsten Heinz)
\c@lstnumber=\count97
\lst@skipnumbers=\count98
\lst@framebox=\box27
)
(/usr/share/texmf-texlive/tex/latex/listings/listings.cfg
File: listings.cfg 2007/02/22 1.4 listings configuration
))
Package: listings 2007/02/22 1.4 (Carsten Heinz)

(/usr/share/texmf-texlive/tex/latex/listings/lstlang1.sty
File: lstlang1.sty 2004/09/05 1.3 listings language file
)
Bakalarska prace
(/usr/share/texmf-texlive/tex/latex/hyperref/hyperref.sty
Package: hyperref 2009/10/09 v6.79a Hypertext links for LaTeX

(/usr/share/texmf-texlive/tex/generic/oberdiek/ifpdf.sty
Package: ifpdf 2009/04/10 v2.0 Provides the ifpdf switch (HO)
Package ifpdf Info: pdfTeX in pdf mode detected.
)
(/usr/share/texmf-texlive/tex/generic/oberdiek/ifvtex.sty
Package: ifvtex 2008/11/04 v1.4 Switches for detecting VTeX and its modes (HO)
Package ifvtex Info: VTeX not detected.
)
(/usr/share/texmf-texlive/tex/generic/ifxetex/ifxetex.sty
Package: ifxetex 2009/01/23 v0.5 Provides ifxetex conditional
)
(/usr/share/texmf-texlive/tex/latex/oberdiek/hycolor.sty
Package: hycolor 2009/10/02 v1.5 Code for color options of hyperref/bookmark (H
O)

(/usr/share/texmf-texlive/tex/latex/oberdiek/xcolor-patch.sty
Package: xcolor-patch 2009/10/02 xcolor patch
))
\@linkdim=\dimen110
\Hy@linkcounter=\count99
\Hy@pagecounter=\count100

(/usr/share/texmf-texlive/tex/latex/hyperref/pd1enc.def
File: pd1enc.def 2009/10/09 v6.79a Hyperref: PDFDocEncoding definition (HO)
Now handling font encoding PD1 ...
... no UTF-8 mapping file for font encoding PD1
)
(/usr/share/texmf-texlive/tex/generic/oberdiek/etexcmds.sty
Package: etexcmds 2007/12/12 v1.2 Prefix for e-TeX command names (HO)

(/usr/share/texmf-texlive/tex/generic/oberdiek/infwarerr.sty
Package: infwarerr 2007/09/09 v1.2 Providing info/warning/message (HO)
)
Package etexcmds Info: Could not find \expanded.
(etexcmds)             That can mean that you are not using pdfTeX 1.50 or
(etexcmds)             that some package has redefined \expanded.
(etexcmds)             In the latter case, load this package earlier.
)
(/usr/share/texmf-texlive/tex/latex/latexconfig/hyperref.cfg
File: hyperref.cfg 2002/06/06 v1.2 hyperref configuration of TeXLive
)
(/usr/share/texmf-texlive/tex/latex/oberdiek/kvoptions.sty
Package: kvoptions 2009/08/13 v3.4 Keyval support for LaTeX options (HO)

(/usr/share/texmf-texlive/tex/generic/oberdiek/kvsetkeys.sty
Package: kvsetkeys 2009/07/30 v1.5 Key value parser with default handler suppor
t (HO)
))
Package hyperref Info: Option `bookmarks' set `true' on input line 2864.
Package hyperref Info: Option `colorlinks' set `true' on input line 2864.
Package hyperref Info: Option `breaklinks' set `true' on input line 2864.
Package hyperref Info: Option `unicode' set `true' on input line 2864.

(/usr/share/texmf-texlive/tex/latex/hyperref/puenc.def
File: puenc.def 2009/10/09 v6.79a Hyperref: PDF Unicode definition (HO)
Now handling font encoding PU ...
... no UTF-8 mapping file for font encoding PU
)
Package hyperref Info: Hyper figures OFF on input line 2975.
Package hyperref Info: Link nesting OFF on input line 2980.
Package hyperref Info: Hyper index ON on input line 2983.
Package hyperref Info: Plain pages OFF on input line 2990.
Package hyperref Info: Backreferencing OFF on input line 2995.

Implicit mode ON; LaTeX internals redefined
Package hyperref Info: Bookmarks ON on input line 3191.
(/usr/share/texmf-texlive/tex/latex/ltxmisc/url.sty
\Urlmuskip=\muskip10
Package: url 2006/04/12  ver 3.3  Verb mode for urls, etc.
)
LaTeX Info: Redefining \url on input line 3428.

(/usr/share/texmf-texlive/tex/generic/oberdiek/bitset.sty
Package: bitset 2007/09/28 v1.0 Data type bit set (HO)

(/usr/share/texmf-texlive/tex/generic/oberdiek/intcalc.sty
Package: intcalc 2007/09/27 v1.1 Expandable integer calculations (HO)
)
(/usr/share/texmf-texlive/tex/generic/oberdiek/bigintcalc.sty
Package: bigintcalc 2007/11/11 v1.1 Expandable big integer calculations (HO)

(/usr/share/texmf-texlive/tex/generic/oberdiek/pdftexcmds.sty
Package: pdftexcmds 2009/09/23 v0.6 LuaTeX support for pdfTeX utility functions
 (HO)

(/usr/share/texmf-texlive/tex/generic/oberdiek/ifluatex.sty
Package: ifluatex 2009/04/17 v1.2 Provides the ifluatex switch (HO)
Package ifluatex Info: LuaTeX not detected.
)
(/usr/share/texmf-texlive/tex/generic/oberdiek/ltxcmds.sty
Package: ltxcmds 2009/08/05 v1.0 Some LaTeX kernel commands for general use (HO
)
)
Package pdftexcmds Info: LuaTeX not detected.
Package pdftexcmds Info: \pdf@primitive is available.
Package pdftexcmds Info: \pdf@ifprimitive is available.
)))
\Fld@menulength=\count101
\Field@Width=\dimen111
\Fld@charsize=\dimen112
\Field@toks=\toks18
Package hyperref Info: Hyper figures OFF on input line 4377.
Package hyperref Info: Link nesting OFF on input line 4382.
Package hyperref Info: Hyper index ON on input line 4385.
Package hyperref Info: backreferencing OFF on input line 4392.
Package hyperref Info: Link coloring ON on input line 4395.
Package hyperref Info: Link coloring with OCG OFF on input line 4402.
Package hyperref Info: PDF/A mode OFF on input line 4407.

(/usr/share/texmf-texlive/tex/generic/oberdiek/atbegshi.sty
Package: atbegshi 2008/07/31 v1.9 At begin shipout hook (HO)
)
\Hy@abspage=\count102
\c@Item=\count103
\c@Hfootnote=\count104
)
*hyperref using default driver hpdftex*
(/usr/share/texmf-texlive/tex/latex/hyperref/hpdftex.def
File: hpdftex.def 2009/10/09 v6.79a Hyperref driver for pdfTeX
\Fld@listcount=\count105
)
(/usr/share/texmf-texlive/tex/latex/natbib/natbib.sty
Package: natbib 2009/07/16 8.31 (PWD, AO)
\bibhang=\skip43
\bibsep=\skip44
LaTeX Info: Redefining \cite on input line 694.
\c@NAT@ctr=\count106
) (./bakalarka.aux
(./chapters/1_uvod.aux) (./chapters/2_teorie.aux)
(./chapters/3_implementace.aux) (./chapters/4_testovani.aux

LaTeX Warning: Label `fig:delete' multiply defined.

) (./chapters/5_zaver.aux))
\openout1 = `bakalarka.aux'.

LaTeX Font Info:    Checking defaults for OML/cmm/m/it on input line 144.
LaTeX Font Info:    ... okay on input line 144.
LaTeX Font Info:    Checking defaults for T1/cmr/m/n on input line 144.
LaTeX Font Info:    ... okay on input line 144.
LaTeX Font Info:    Checking defaults for OT1/cmr/m/n on input line 144.
LaTeX Font Info:    ... okay on input line 144.
LaTeX Font Info:    Checking defaults for OMS/cmsy/m/n on input line 144.
LaTeX Font Info:    ... okay on input line 144.
LaTeX Font Info:    Checking defaults for OMX/cmex/m/n on input line 144.
LaTeX Font Info:    ... okay on input line 144.
LaTeX Font Info:    Checking defaults for U/cmr/m/n on input line 144.
LaTeX Font Info:    ... okay on input line 144.
LaTeX Font Info:    Checking defaults for PD1/pdf/m/n on input line 144.
LaTeX Font Info:    ... okay on input line 144.
LaTeX Font Info:    Checking defaults for PU/pdf/m/n on input line 144.
LaTeX Font Info:    ... okay on input line 144.

(/usr/share/texmf-texlive/tex/context/base/supp-pdf.mkii
[Loading MPS to PDF converter (version 2006.09.02).]
\scratchcounter=\count107
\scratchdimen=\dimen113
\scratchbox=\box28
\nofMPsegments=\count108
\nofMParguments=\count109
\everyMPshowfont=\toks19
\MPscratchCnt=\count110
\MPscratchDim=\dimen114
\MPnumerator=\count111
\everyMPtoPDFconversion=\toks20
)
\c@lstlisting=\count112
 (/usr/share/texmf-texlive/tex/latex/graphics/color.sty
Package: color 2005/11/14 v1.0j Standard LaTeX Color (DPC)

(/etc/texmf/tex/latex/config/color.cfg
File: color.cfg 2007/01/18 v1.5 color configuration of teTeX/TeXLive
)
Package color Info: Driver file: pdftex.def on input line 130.
)
Package hyperref Info: Link coloring ON on input line 144.

(/usr/share/texmf-texlive/tex/latex/hyperref/nameref.sty
Package: nameref 2007/05/29 v2.31 Cross-referencing by name of section

(/usr/share/texmf-texlive/tex/latex/oberdiek/refcount.sty
Package: refcount 2008/08/11 v3.1 Data extraction from references (HO)
)
\c@section@level=\count113
)
LaTeX Info: Redefining \ref on input line 144.
LaTeX Info: Redefining \pageref on input line 144.
 (./bakalarka.out)
(./bakalarka.out)
\@outlinefile=\write3
\openout3 = `bakalarka.out'.

\AtBeginShipoutBox=\box29

************************************************
Zvoleny jazyk: cestina
Typ prace: Bakal\IeC {\'a}\IeC {\v r}sk\IeC {\'a} pr\IeC {\'a}ce
Studijni program: Softwarov\IeC {\'e} technologie a management, Bakal\IeC {\'a}
\IeC {\v r}sk\IeC {\'y}
Obor: Softwarov\IeC {\'e} in\IeC {\v z}en\IeC {\'y}rstv\IeC {\'\i }
Jmeno: Jakub \IeC {\v S}kv\IeC {\'a}ra
Nazev prace: Ov\IeC {\v e}\IeC {\v r}en\IeC {\'\i } \IeC {\v s}k\IeC {\'a}lovat
elnosti Google App Engine aplikac\IeC {\'\i } 
Vedouci prace: Ing. Marek \IeC {\v S}m\IeC {\'\i }d
***************************************************
<figures/LogoCVUT.pdf, id=251, 93.34875pt x 70.2625pt>
File: figures/LogoCVUT.pdf Graphic file (type pdf)

<use figures/LogoCVUT.pdf> [3


{/var/lib/texmf/fonts/map/pdftex/updmap/pdftex.map} <./figures/LogoCVUT.pdf>] [
4

] [5] [6

] [7] [8

] [9

] [10

] (./bakalarka.toc
LaTeX Font Info:    External font `cmex10' loaded for size
(Font)              <10.95> on input line 4.
LaTeX Font Info:    External font `cmex10' loaded for size
(Font)              <8> on input line 4.
LaTeX Font Info:    External font `cmex10' loaded for size
(Font)              <6> on input line 4.

[11])
\tf@toc=\write4
\openout4 = `bakalarka.toc'.

 [12] (./bakalarka.lof

Package natbib Warning: Citation `whitehouse-app' on page xiii undefined on inp
ut line 10.

)
\tf@lof=\write5
\openout5 = `bakalarka.lof'.

 [13

] [14

] (./bakalarka.lot)
\tf@lot=\write6
\openout6 = `bakalarka.lot'.

 [15] [16

]
\openout2 = `chapters/1_uvod.aux'.

 (./chapters/1_uvod.tex
Kapitola 1.
LaTeX Font Info:    External font `cmex10' loaded for size
(Font)              <9> on input line 8.
LaTeX Font Info:    External font `cmex10' loaded for size
(Font)              <5> on input line 8.
[1



]) [2]
\openout2 = `chapters/2_teorie.aux'.

 (./chapters/2_teorie.tex
Kapitola 2.

Package natbib Warning: Citation `nist-cloud' on page 3 undefined on input line
 6.


Package natbib Warning: Citation `amazon-ec2' on page 3 undefined on input line
 12.

LaTeX Font Info:    Try loading font information for T1+cmtt on input line 16.
(/usr/share/texmf-texlive/tex/latex/base/t1cmtt.fd
File: t1cmtt.fd 1999/05/25 v2.5h Standard LaTeX font definitions
) [3




]
<figures/iaas-paas-saas.png, id=446, 729.72626pt x 387.4475pt>
File: figures/iaas-paas-saas.png Graphic file (type png)

<use figures/iaas-paas-saas.png>
<figures/horizontal-vertical-scalability.jpeg, id=448, 1027.84pt x 770.88pt>
File: figures/horizontal-vertical-scalability.jpeg Graphic file (type jpg)

<use figures/horizontal-vertical-scalability.jpeg>

LaTeX Warning: `h' float specifier changed to `ht'.

[4 <./figures/iaas-paas-saas.png>] [5 <./figures/horizontal-vertical-scalabilit
y.jpeg>]
Overfull \hbox (4.67326pt too wide) in paragraph at lines 71--71
[]\T1/cmr/bx/n/14.4 Porovnání Ama-zon Web Ser-vices, Win-dows Azure a Google
 []

<figures/aws-logo.png, id=463, 602.25pt x 301.125pt>
File: figures/aws-logo.png Graphic file (type png)

<use figures/aws-logo.png>

LaTeX Warning: `h' float specifier changed to `ht'.

[6] <figures/azure-logo.jpg, id=469, 305.3662pt x 172.02296pt>
File: figures/azure-logo.jpg Graphic file (type jpg)

<use figures/azure-logo.jpg>
<figures/app-engine-logo.jpg, id=470, 172.645pt x 176.66pt>
File: figures/app-engine-logo.jpg Graphic file (type jpg)

<use figures/app-engine-logo.jpg>

LaTeX Warning: `h' float specifier changed to `ht'.


Overfull \hbox (32.72888pt too wide) has occurred while \output is active
\T1/cmr/m/sl/10.95 2.5.  POROVNÁNÍ AMAZON WEB SERVICES, WINDOWS AZURE A GOOGLE 
APP ENGINE \T1/cmr/m/n/10.95 7
 []

[7 <./figures/aws-logo.png (PNG copy)> <./figures/azure-logo.jpg>]
Overfull \hbox (83.2213pt too wide) in paragraph at lines 142--144
[]\T1/cmr/m/n/10.95 Standardn¥ se ap-likace nahraje na adresu jako doména t°etí
ho °ádu ve tvaru []\T1/cmtt/m/n/10.95 jmeno-aplikace.appspot.com
 []


Overfull \hbox (41.37753pt too wide) in paragraph at lines 142--144
\T1/cmr/m/n/10.95 t°íd je moºné na-jít na adrese []\T1/cmtt/m/n/10.95 http://co
de.google.com/appengine/docs/java/jrewhitelist.html\T1/cmr/m/n/10.95 . 
 []

[8 <./figures/app-engine-logo.jpg>]
Overfull \hbox (0.65985pt too wide) in paragraph at lines 145--146
\T1/cmr/m/n/10.95 up-ravenou verzi pro App En-gine. Sez-nam ne-jpouºí-van¥j²ích
 frame-work· a kni-hoven s popisem
 []


Overfull \hbox (451.70073pt too wide) in paragraph at lines 145--146
\T1/cmr/m/n/10.95 zda jsou kom-pat-i-bilní a p°í-padné nas-tavení pro App En-gi
ne je dos-tupný na adrese []\T1/cmtt/m/n/10.95 http://groups.google.com/group/g
oogle-appengine-java/web/will-it-play-in-app-engine?pli=1\T1/cmr/m/n/10.95 .
 []


Overfull \hbox (133.3192pt too wide) in paragraph at lines 154--155
[]\T1/cmtt/m/n/10.95 web.xml \T1/cmr/m/n/10.95 se nas-taví servlet pro url []\T
1/cmtt/m/n/10.95 /_ah/mail/jmeno-emailu \T1/cmr/m/n/10.95 a e-mail má tvar: []\
T1/cmtt/m/n/10.95 jmeno-emailu@id-aplikace.appspot.com
 []

[9]
Overfull \hbox (54.74605pt too wide) in paragraph at lines 166--168
\T1/cmr/m/n/10.95 a atribut ac-tion for-mulá°e nas-tavíme po-mocí []\T1/cmtt/m/
n/10.95 <%= blobstoreService.createUploadUrl("/upload")%>\T1/cmr/m/n/10.95 .
 []

[10] [11] [12]
Overfull \hbox (1.78679pt too wide) in paragraph at lines 193--194
[]\T1/cmr/m/n/10.95 Mezi dal²í omezení pat°í ºádná anebo omezená moºnost vyh-le
dávání nad sloupci databáze.
 []


Package natbib Warning: Citation `royal-wedding' on page 13 undefined on input 
line 202.


Overfull \hbox (5.26723pt too wide) in paragraph at lines 202--203
\T1/cmr/m/n/10.95 stránka []\T1/cmtt/m/n/10.95 www.officialroyalwedding2011.org
\T1/cmr/m/n/10.95 , za-loºená k p°íleºi-tosti svatby an-glick-ého prince
 []

[13]

Package natbib Warning: Citation `whitehouse-app' on page 14 undefined on input
 line 204.

<figures/townhallgraphic.png, id=527, 1606.0pt x 952.55875pt>
File: figures/townhallgraphic.png Graphic file (type png)

<use figures/townhallgraphic.png>

Package natbib Warning: Citation `whitehouse-app' on page 14 undefined on input
 line 209.


Package natbib Warning: Citation `whitehouse-app' on page 14 undefined on input
 line 209.

[14 <./figures/townhallgraphic.png>]
Overfull \hbox (93.61845pt too wide) in paragraph at lines 222--223
[]\T1/cmr/m/n/10.95 Dal²í za-jí-mavé a úsp¥²né pro-jekty jsou na stránce: []\T1
/cmtt/m/n/10.95 http://code.google.com/appengine/casestudies.html 
 []

) [15] [16


]
\openout2 = `chapters/3_implementace.aux'.

 (./chapters/3_implementace.tex
Kapitola 3.

Overfull \hbox (2.32823pt too wide) in paragraph at lines 4--5
\T1/cmr/m/n/10.95 Pro prak-tickou ukázku a prov¥°ení im-ple-men-tace jsem vy-br
al cloud App En-gine od spole£nosti
 []


Overfull \hbox (13.60088pt too wide) in paragraph at lines 7--8
\T1/cmr/m/n/10.95 Cílem této bakalá°ské práce je ov¥°it moºnosti a omezení ²kál
o-vatel-ných ap-likací. Ne-jd·leºit¥j²ím
 []

[17


] [18] [19]
Overfull \hbox (3.59604pt too wide) in paragraph at lines 28--29
\T1/cmr/m/n/10.95 na stránkách frame-worku i s funk£ní ukázkou (http://slim3dem
o.appspot.com/performance/),
 []


Overfull \hbox (67.509pt too wide) in paragraph at lines 30--31
\T1/cmr/m/n/10.95 Pouºívá k tomu t°ídu []\T1/cmtt/m/n/10.95 ModelRef<Entity> \T
1/cmr/m/n/10.95 pro jed-nos-m¥rný vz-tah a [] \T1/cmtt/m/n/10.95 InverseModelRe
f<Entity1, Entity2>
 []

LaTeX Font Info:    Font shape `T1/cmtt/bx/n' in size <9> not available
(Font)              Font shape `T1/cmtt/m/n' tried instead on input line 34.

LaTeX Warning: Reference `lst:bidirectionalOneToManyGetEntity' on page 20 undef
ined on input line 48.

[20] [21] <figures/cms-uml.png, id=683, 783.92876pt x 319.1925pt>
File: figures/cms-uml.png Graphic file (type png)

<use figures/cms-uml.png> [22 <./figures/cms-uml.png>]
Overfull \hbox (0.97559pt too wide) in paragraph at lines 151--152
[]\T1/cmtt/m/n/10.95 ConverterException \T1/cmr/m/n/10.95 a []\T1/cmtt/m/n/10.9
5 ValidatorException\T1/cmr/m/n/10.95 , aby ²lo jednodu²e odli²it od-kud chyba 
pochází. 
 []

[23] [24]
Underfull \hbox (badness 10000) in paragraph at lines 198--198
[][][]\T1/cmr/m/n/9 GET je parametr HTTP pro-tokolu, kde se prom¥nné p°ená²ejí 
v URL, nap°ík-lad:
 []


Overfull \hbox (21.68277pt too wide) in paragraph at lines 209--210
[]\T1/cmr/m/n/10.95 URL []\T1/cmtt/m/n/10.95 /edit/xxx/1 \T1/cmr/m/n/10.95 se p
°evede na []\T1/cmtt/m/n/10.95 /edit?key=xxx&version=1\T1/cmr/m/n/10.95 , pouºi
je se tedy []\T1/cmtt/m/n/10.95 EditController
 []

[25]
Underfull \hbox (badness 10000) in paragraph at lines 216--216
[][][]\T1/cmr/m/n/9 Java Server Pages - tech-nolo-gie umoº¬u-jící gen-erování w
e-bových stránek
 []

) [26]
\openout2 = `chapters/4_testovani.aux'.

 (./chapters/4_testovani.tex
Kapitola 4.

Underfull \hbox (badness 10000) in paragraph at lines 4--4
[][][]\T1/cmr/m/n/9 Apache Bench je nástroj pro p°íka-zovou °ádku ur£ený k m¥°e
ní výkonu server· -
 []

[27




]
Overfull \hbox (30.33324pt too wide) in paragraph at lines 23--32
 [][] 
 []

<figures/select.png, id=775, 602.25pt x 372.39125pt>
File: figures/select.png Graphic file (type png)
 <use figures/select.png>
Overfull \hbox (34.23985pt too wide) in paragraph at lines 36--37
 [] 
 []


LaTeX Warning: `h' float specifier changed to `ht'.


Overfull \hbox (30.33324pt too wide) in paragraph at lines 48--57
 [][] 
 []


LaTeX Warning: `h' float specifier changed to `ht'.

<figures/insert.png, id=776, 602.25pt x 372.39125pt>
File: figures/insert.png Graphic file (type png)
 <use figures/insert.png>
Overfull \hbox (34.23985pt too wide) in paragraph at lines 61--62
 [] 
 []


LaTeX Warning: `h' float specifier changed to `ht'.


Overfull \hbox (98.72977pt too wide) has occurred while \output is active
\T1/cmr/m/n/10.95 28 \T1/cmr/m/sl/10.95 KAPITOLA 4.  TESTOVÁNÍ: POROVNÁNÍ RYCHL
OSTI PRÁCE S DATASTORE A TESTOVÁNÍ ZÁT…šE
 []

[28]
Overfull \hbox (30.33324pt too wide) in paragraph at lines 74--83
 [][] 
 []


LaTeX Warning: `h' float specifier changed to `ht'.

<figures/update.png, id=782, 602.25pt x 372.39125pt>
File: figures/update.png Graphic file (type png)
 <use figures/update.png>
Overfull \hbox (34.23985pt too wide) in paragraph at lines 87--88
 [] 
 []


LaTeX Warning: `h' float specifier changed to `ht'.


Overfull \hbox (30.33324pt too wide) in paragraph at lines 101--110
 [][] 
 []


LaTeX Warning: `h' float specifier changed to `ht'.

<figures/delete.png, id=783, 602.25pt x 372.39125pt>
File: figures/delete.png Graphic file (type png)
 <use figures/delete.png>
Overfull \hbox (34.23985pt too wide) in paragraph at lines 114--115
 [] 
 []


LaTeX Warning: `h' float specifier changed to `ht'.

[29 <./figures/select.png (PNG copy)>]
Overfull \hbox (98.72977pt too wide) has occurred while \output is active
\T1/cmr/m/n/10.95 30 \T1/cmr/m/sl/10.95 KAPITOLA 4.  TESTOVÁNÍ: POROVNÁNÍ RYCHL
OSTI PRÁCE S DATASTORE A TESTOVÁNÍ ZÁT…šE
 []

[30 <./figures/insert.png (PNG copy)>]
Overfull \hbox (0.80902pt too wide) in paragraph at lines 128--129
[]\T1/cmr/m/n/10.95 Samotné testování probíhalo po-mocí pro-gramu Apache Bench 
(ab). Jedná se o jednoduchý
 []

(/usr/share/texmf-texlive/tex/latex/listings/lstlang1.sty
File: lstlang1.sty 2004/09/05 1.3 listings language file
)
(/usr/share/texmf-texlive/tex/latex/listings/lstlang1.sty
File: lstlang1.sty 2004/09/05 1.3 listings language file
) [31 <./figures/update.png (PNG copy)>]

LaTeX Warning: `h' float specifier changed to `ht'.

File: figures/delete.png Graphic file (type png)
<use figures/delete.png>
Overfull \hbox (34.23985pt too wide) in paragraph at lines 163--164
 [] 
 []


LaTeX Warning: `h' float specifier changed to `ht'.


Overfull \hbox (98.72977pt too wide) has occurred while \output is active
\T1/cmr/m/n/10.95 32 \T1/cmr/m/sl/10.95 KAPITOLA 4.  TESTOVÁNÍ: POROVNÁNÍ RYCHL
OSTI PRÁCE S DATASTORE A TESTOVÁNÍ ZÁT…šE
 []

[32 <./figures/delete.png (PNG copy)>]) [33]
Overfull \hbox (98.72977pt too wide) has occurred while \output is active
\T1/cmr/m/n/10.95 34 \T1/cmr/m/sl/10.95 KAPITOLA 4.  TESTOVÁNÍ: POROVNÁNÍ RYCHL
OSTI PRÁCE S DATASTORE A TESTOVÁNÍ ZÁT…šE
 []

[34]
\openout2 = `chapters/5_zaver.aux'.

 (./chapters/5_zaver.tex
Kapitola 5.
[35




]) [36]
No file bakalarka.bbl.
P\v {r}\'{\i }loha A.
[37


] [38

]
P\v {r}\'{\i }loha B.
<figures/seznamcd.pdf, id=836, 793.96625pt x 539.01375pt>
File: figures/seznamcd.pdf Graphic file (type pdf)

<use figures/seznamcd.pdf> [39 <./figures/seznamcd.pdf>]

Package natbib Warning: There were undefined citations.

(./bakalarka.aux (./chapters/1_uvod.aux) (./chapters/2_teorie.aux)
(./chapters/3_implementace.aux) (./chapters/4_testovani.aux)
(./chapters/5_zaver.aux))

LaTeX Warning: There were undefined references.


LaTeX Warning: There were multiply-defined labels.

 ) 
Here is how much of TeX's memory you used:
 8881 strings out of 495061
 118379 string characters out of 1182622
 428095 words of memory out of 3000000
 11569 multiletter control sequences out of 15000+50000
 20461 words of font info for 45 fonts, out of 3000000 for 9000
 32 hyphenation exceptions out of 8191
 38i,8n,47p,1824b,1843s stack positions out of 5000i,500n,10000p,200000b,50000s
 </home/skvaros/.texmf-var/fonts/pk/ljfour/jknappen/ec/ecit0900.600pk> </home
/skvaros/.texmf-var/fonts/pk/ljfour/jknappen/ec/ectt0900.600pk> </home/skvaros/
.texmf-var/fonts/pk/ljfour/jknappen/ec/ecbx1200.600pk> </home/skvaros/.texmf-va
r/fonts/pk/ljfour/jknappen/ec/ecti1095.600pk> </home/skvaros/.texmf-var/fonts/p
k/ljfour/jknappen/ec/ectt1095.600pk> </home/skvaros/.texmf-var/fonts/pk/ljfour/
jknappen/ec/ecrm0900.600pk> </home/skvaros/.texmf-var/fonts/pk/ljfour/jknappen/
ec/ecrm0800.600pk> </home/skvaros/.texmf-var/fonts/pk/ljfour/jknappen/ec/ecsl10
95.600pk> </home/skvaros/.texmf-var/fonts/pk/ljfour/jknappen/ec/ecbx1095.600pk>
 </home/skvaros/.texmf-var/fonts/pk/ljfour/jknappen/ec/ecbx2488.600pk> </home/s
kvaros/.texmf-var/fonts/pk/ljfour/jknappen/ec/ecrm0600.600pk> </home/skvaros/.t
exmf-var/fonts/pk/ljfour/jknappen/ec/ecbx2074.600pk> </home/skvaros/.texmf-var/
fonts/pk/ljfour/jknappen/ec/ecrm1095.600pk> </home/skvaros/.texmf-var/fonts/pk/
ljfour/jknappen/ec/ecti1440.600pk> </home/skvaros/.texmf-var/fonts/pk/ljfour/jk
nappen/ec/ecbx1440.600pk> </home/skvaros/.texmf-var/fonts/pk/ljfour/jknappen/ec
/ecrm1200.600pk>
Output written on bakalarka.pdf (53 pages, 1332313 bytes).
PDF statistics:
 1735 PDF objects out of 2073 (max. 8388607)
 307 named destinations out of 1000 (max. 500000)
 562 words of extra memory for PDF output out of 10000 (max. 10000000)

